<?xml version="1.0" encoding="utf-8"?><testsuites name="pytest tests"><testsuite name="pytest" errors="0" failures="0" skipped="0" tests="27" time="5.263" timestamp="2026-09-17T11:16:47.701332+00:00" hostname="agent-env-2a958fed-6804-4a86-8aca-df28f80e818e"><testcase classname="tests.test_kiddymarket_v2.TestAuthSignupLogin" name="test_signup_seeds_7_products_and_zero_children" time="0.954" /><testcase classname="tests.test_kiddymarket_v2.TestAuthGate" name="test_requires_auth[GET-/children]" time="0.290" /><testcase classname="tests.test_kiddymarket_v2.TestAuthGate" name="test_requires_auth[POST-/children]" time="0.063" /><testcase classname="tests.test_kiddymarket_v2.TestAuthGate" name="test_requires_auth[GET-/products]" time="0.065" /><testcase classname="tests.test_kiddymarket_v2.TestAuthGate" name="test_requires_auth[POST-/products]" time="0.064" /><testcase classname="tests.test_kiddymarket_v2.TestAuthGate" name="test_requires_auth[GET-/transactions]" time="0.247" /><testcase classname="tests.test_kiddymarket_v2.TestAuthGate" name="test_requires_auth[POST-/transactions/credit]" time="0.062" /><testcase classname="tests.test_kiddymarket_v2.TestAuthGate" name="test_requires_auth[POST-/transactions/debit]" time="0.067" /><testcase classname="tests.test_kiddymarket_v2.TestAuthGate" name="test_requires_auth[POST-/transactions/purchase]" time="0.064" /><testcase classname="tests.test_kiddymarket_v2.TestAuthGate" name="test_requires_auth[POST-/parent/verify-pin]" time="0.063" /><testcase classname="tests.test_kiddymarket_v2.TestAuthSignupLogin" name="test_signup_duplicate_email_returns_409" time="0.434" /><testcase classname="tests.test_kiddymarket_v2.TestAuthGate" name="test_requires_auth[PUT-/parent/pin]" time="0.277" /><testcase classname="tests.test_kiddymarket_v2.TestAuthGate" name="test_requires_auth[POST-/parent/reset-pin]" time="0.062" /><testcase classname="tests.test_kiddymarket_v2.TestAuthSignupLogin" name="test_signup_short_password_returns_400" time="0.229" /><testcase classname="tests.test_kiddymarket_v2.TestAuthSignupLogin" name="test_login_success_and_wrong_password_and_unknown" time="1.014" /><testcase classname="tests.test_kiddymarket_v2.TestPin" name="test_verify_default_pin" time="0.655" /><testcase classname="tests.test_kiddymarket_v2.TestPin" name="test_change_pin_wrong_current_forbidden" time="0.236" /><testcase classname="tests.test_kiddymarket_v2.TestPin" name="test_change_pin_ok" time="0.336" /><testcase classname="tests.test_kiddymarket_v2.TestPin" name="test_reset_pin" time="0.125" /><testcase classname="tests.test_kiddymarket_v2.TestAuthSignupLogin" name="test_auth_me_requires_bearer" time="0.947" /><testcase classname="tests.test_kiddymarket_v2.TestPin" name="test_reset_pin_invalid_format" time="0.103" /><testcase classname="tests.test_kiddymarket_v2.TestIsolation" name="test_child_and_product_isolated" time="1.218" /><testcase classname="tests.test_kiddymarket_v2.TestRegression" name="test_child_crud" time="0.491" /><testcase classname="tests.test_kiddymarket_v2.TestIsolation" name="test_cross_tenant_child_ops_return_404" time="0.301" /><testcase classname="tests.test_kiddymarket_v2.TestRegression" name="test_product_crud" time="0.311" /><testcase classname="tests.test_kiddymarket_v2.TestRegression" name="test_credit_debit_purchase" time="0.311" /><testcase classname="tests.test_kiddymarket_v2.TestRegression" name="test_transactions_list" time="0.149" /></testsuite></testsuites>