<?xml version="1.0" encoding="utf-8"?><testsuites name="pytest tests"><testsuite name="pytest" errors="0" failures="0" skipped="0" tests="15" time="2.713" timestamp="2026-09-13T05:29:33.594308+00:00" hostname="agent-env-2a958fed-6804-4a86-8aca-df28f80e818e"><testcase classname="tests.test_kiddymarket.TestFamily" name="test_get_family" time="0.464" /><testcase classname="tests.test_kiddymarket.TestTransactions" name="test_credit_increases_balance" time="0.549" /><testcase classname="tests.test_kiddymarket.TestFamily" name="test_verify_pin_ok" time="0.131" /><testcase classname="tests.test_kiddymarket.TestTransactions" name="test_debit_decreases_balance" time="0.090" /><testcase classname="tests.test_kiddymarket.TestFamily" name="test_verify_pin_wrong" time="0.127" /><testcase classname="tests.test_kiddymarket.TestTransactions" name="test_debit_more_than_balance" time="0.139" /><testcase classname="tests.test_kiddymarket.TestChildren" name="test_list_seeded" time="0.130" /><testcase classname="tests.test_kiddymarket.TestTransactions" name="test_purchase_ok" time="0.101" /><testcase classname="tests.test_kiddymarket.TestChildren" name="test_create_update_delete" time="0.393" /><testcase classname="tests.test_kiddymarket.TestTransactions" name="test_purchase_insufficient_does_not_change_balance" time="0.278" /><testcase classname="tests.test_kiddymarket.TestTransactions" name="test_list_child_transactions_desc" time="0.082" /><testcase classname="tests.test_kiddymarket.TestTransactions" name="test_list_global_and_filter" time="0.246" /><testcase classname="tests.test_kiddymarket.TestChildren" name="test_nfc_associate_and_lookup_and_duplicate" time="0.612" /><testcase classname="tests.test_kiddymarket.TestProducts" name="test_list_and_filter" time="0.174" /><testcase classname="tests.test_kiddymarket.TestProducts" name="test_crud" time="0.352" /></testsuite></testsuites>